<?xml version="1.0" encoding="UTF-8"?>
<coverage generated="1738098852061" clover="3.2.0">
  <project timestamp="1738098852062" name="All files">
    <metrics statements="5" coveredstatements="5" conditionals="0" coveredconditionals="0" methods="1" coveredmethods="1" elements="6" coveredelements="6" complexity="0" loc="5" ncloc="5" packages="1" files="1" classes="1"/>
    <file name="xpCalculations.js" path="C:\Users\tso0016\OneDrive - Shelter Insurance Companies\Documents\01 2025\QuestLog\src\utils\xpCalculations.js">
      <metrics statements="5" coveredstatements="5" conditionals="0" coveredconditionals="0" methods="1" coveredmethods="1"/>
      <line num="1" count="1" type="stmt"/>
      <line num="2" count="2" type="stmt"/>
      <line num="8" count="2" type="stmt"/>
      <line num="14" count="2" type="stmt"/>
      <line num="17" count="1" type="stmt"/>
    </file>
  </project>
</coverage>
