{"C:\\Users\\tso0016\\OneDrive - Shelter Insurance Companies\\Documents\\01 2025\\QuestLog\\src\\utils\\xpCalculations.js": {"path":"C:\\Users\\tso0016\\OneDrive - Shelter Insurance Companies\\Documents\\01 2025\\QuestLog\\src\\utils\\xpCalculations.js","statementMap":{"0":{"start":{"line":1,"column":24},"end":{"line":15,"column":1}},"1":{"start":{"line":2,"column":19},"end":{"line":6,"column":17}},"2":{"start":{"line":8,"column":31},"end":{"line":12,"column":15}},"3":{"start":{"line":14,"column":4},"end":{"line":14,"column":51}},"4":{"start":{"line":17,"column":0},"end":{"line":17,"column":37}}},"fnMap":{"0":{"name":"(anonymous_0)","decl":{"start":{"line":1,"column":24},"end":{"line":1,"column":25}},"loc":{"start":{"line":1,"column":50},"end":{"line":15,"column":1}},"line":1}},"branchMap":{},"s":{"0":1,"1":2,"2":2,"3":2,"4":1},"f":{"0":2},"b":{},"_coverageSchema":"1a1c01bbd47fc00a2c39e90264f33305004495a9","hash":"acc4495bf95cafe274c02d76e7ed9b75583cafb0"}
}
